<?xml version="1.0" encoding="UTF-8"?>
<!-- Generated by org.testng.reporters.JUnitReportReporter -->
<testsuite hostname="Ernesto" failures="0" tests="1" name="cucumberOptions.TestNGTestRunner" time="237.603" errors="0" timestamp="2022-07-06T23:00:43 CDT" skipped="0">
  <testcase classname="cucumberOptions.TestNGTestRunner" name="runScenario" time="237.603"/>
  <system-out/>
</testsuite> <!-- cucumberOptions.TestNGTestRunner -->
