<?xml version="1.0" encoding="UTF-8"?>
<!-- Generated by org.testng.reporters.JUnitReportReporter -->
<testsuite hostname="Ernesto" failures="0" tests="1" name="cucumberOptions.TestNGTestRunner" time="372.860" errors="0" timestamp="2022-07-08T14:52:55 CDT" skipped="0">
  <testcase classname="cucumberOptions.TestNGTestRunner" name="runScenario" time="372.860"/>
  <system-out/>
</testsuite> <!-- cucumberOptions.TestNGTestRunner -->
